# JRE version: Java(TM) SE Runtime Environment (17.0.6+9) (build 17.0.6+9-LTS-190)
# Java VM: Java HotSpot(TM) 64-Bit Server VM (17.0.6+9-LTS-190, mixed mode, sharing, tiered, compressed oops, compressed class ptrs, g1 gc, linux-amd64)
GC Precious Log:
 CPUs: 8 total, 8 available
 Memory: 7765M
 Large Page Support: Disabled
 NUMA Support: Disabled
 Compressed Oops: Enabled (32-bit)
 Heap Region Size: 1M
 Heap Min Capacity: 8M
 Heap Initial Capacity: 122M
 Heap Max Capacity: 1942M
 Pre-touch: Disabled
 Parallel Workers: 8
 Concurrent Workers: 2
 Concurrent Refinement Workers: 8
 Periodic GC: Disabled
Heap:
 garbage-first heap   total 30720K, used 11005K [0x0000000086a00000, 0x0000000100000000)
  region size 1024K, 3 young (3072K), 2 survivors (2048K)
 Metaspace       used 10495K, committed 10688K, reserved 1064960K
  class space    used 981K, committed 1088K, reserved 1048576K
GC Heap History (18 events):
Event: 0.084 GC heap before
{Heap before GC invocations=0 (full 0):
 garbage-first heap   total 126976K, used 3044K [0x0000000086a00000, 0x0000000100000000)
  region size 1024K, 4 young (4096K), 0 survivors (0K)
 Metaspace       used 1131K, committed 1280K, reserved 1056768K
  class space    used 99K, committed 192K, reserved 1048576K
}
Event: 0.087 GC heap after
{Heap after GC invocations=1 (full 1):
 garbage-first heap   total 14336K, used 2169K [0x0000000086a00000, 0x0000000100000000)
  region size 1024K, 0 young (0K), 0 survivors (0K)
 Metaspace       used 1131K, committed 1280K, reserved 1056768K
  class space    used 99K, committed 192K, reserved 1048576K
}
Event: 0.154 GC heap before
{Heap before GC invocations=1 (full 1):
 garbage-first heap   total 14336K, used 5241K [0x0000000086a00000, 0x0000000100000000)
  region size 1024K, 3 young (3072K), 0 survivors (0K)
 Metaspace       used 1427K, committed 1600K, reserved 1056768K
  class space    used 120K, committed 192K, reserved 1048576K
}
Event: 0.155 GC heap after
{Heap after GC invocations=2 (full 1):
 garbage-first heap   total 14336K, used 2951K [0x0000000086a00000, 0x0000000100000000)
  region size 1024K, 1 young (1024K), 1 survivors (1024K)
 Metaspace       used 1427K, committed 1600K, reserved 1056768K
  class space    used 120K, committed 192K, reserved 1048576K
}
Event: 0.197 GC heap before
{Heap before GC invocations=2 (full 1):
 garbage-first heap   total 14336K, used 4999K [0x0000000086a00000, 0x0000000100000000)
  region size 1024K, 4 young (4096K), 1 survivors (1024K)
 Metaspace       used 2474K, committed 2624K, reserved 1056768K
  class space    used 171K, committed 192K, reserved 1048576K
}
Event: 0.199 GC heap after
{Heap after GC invocations=3 (full 1):
 garbage-first heap   total 14336K, used 3145K [0x0000000086a00000, 0x0000000100000000)
  region size 1024K, 1 young (1024K), 1 survivors (1024K)
 Metaspace       used 2474K, committed 2624K, reserved 1056768K
  class space    used 171K, committed 192K, reserved 1048576K
}
Event: 0.247 GC heap before
{Heap before GC invocations=3 (full 1):
 garbage-first heap   total 14336K, used 5193K [0x0000000086a00000, 0x0000000100000000)
  region size 1024K, 4 young (4096K), 1 survivors (1024K)
 Metaspace       used 2479K, committed 2624K, reserved 1056768K
  class space    used 171K, committed 192K, reserved 1048576K
}
Event: 0.253 GC heap after
{Heap after GC invocations=4 (full 2):
 garbage-first heap   total 14336K, used 3144K [0x0000000086a00000, 0x0000000100000000)
  region size 1024K, 0 young (0K), 0 survivors (0K)
 Metaspace       used 2479K, committed 2624K, reserved 1056768K
  class space    used 171K, committed 192K, reserved 1048576K
}
Event: 0.379 GC heap before
{Heap before GC invocations=4 (full 2):
 garbage-first heap   total 14336K, used 7240K [0x0000000086a00000, 0x0000000100000000)
  region size 1024K, 4 young (4096K), 0 survivors (0K)
 Metaspace       used 3146K, committed 3328K, reserved 1056768K
  class space    used 231K, committed 320K, reserved 1048576K
}
Event: 0.381 GC heap after
{Heap after GC invocations=5 (full 2):
 garbage-first heap   total 14336K, used 3680K [0x0000000086a00000, 0x0000000100000000)
  region size 1024K, 1 young (1024K), 1 survivors (1024K)
 Metaspace       used 3146K, committed 3328K, reserved 1056768K
  class space    used 231K, committed 320K, reserved 1048576K
}
Event: 0.389 GC heap before
{Heap before GC invocations=5 (full 2):
 garbage-first heap   total 14336K, used 6752K [0x0000000086a00000, 0x0000000100000000)
  region size 1024K, 4 young (4096K), 1 survivors (1024K)
 Metaspace       used 3148K, committed 3328K, reserved 1056768K
  class space    used 231K, committed 320K, reserved 1048576K
}
Event: 0.390 GC heap after
{Heap after GC invocations=6 (full 2):
 garbage-first heap   total 69632K, used 4045K [0x0000000086a00000, 0x0000000100000000)
  region size 1024K, 1 young (1024K), 1 survivors (1024K)
 Metaspace       used 3148K, committed 3328K, reserved 1056768K
  class space    used 231K, committed 320K, reserved 1048576K
}
Event: 0.461 GC heap before
{Heap before GC invocations=6 (full 2):
 garbage-first heap   total 69632K, used 27597K [0x0000000086a00000, 0x0000000100000000)
  region size 1024K, 25 young (25600K), 1 survivors (1024K)
 Metaspace       used 3237K, committed 3456K, reserved 1056768K
  class space    used 232K, committed 320K, reserved 1048576K
}
Event: 0.473 GC heap after
{Heap after GC invocations=7 (full 3):
 garbage-first heap   total 30720K, used 6892K [0x0000000086a00000, 0x0000000100000000)
  region size 1024K, 0 young (0K), 0 survivors (0K)
 Metaspace       used 3237K, committed 3456K, reserved 1056768K
  class space    used 232K, committed 320K, reserved 1048576K
}
Event: 0.603 GC heap before
{Heap before GC invocations=7 (full 3):
 garbage-first heap   total 30720K, used 6892K [0x0000000086a00000, 0x0000000100000000)
  region size 1024K, 1 young (1024K), 0 survivors (0K)
 Metaspace       used 3241K, committed 3456K, reserved 1056768K
  class space    used 232K, committed 320K, reserved 1048576K
}
Event: 0.610 GC heap after
{Heap after GC invocations=8 (full 4):
 garbage-first heap   total 30720K, used 6892K [0x0000000086a00000, 0x0000000100000000)
  region size 1024K, 0 young (0K), 0 survivors (0K)
 Metaspace       used 3241K, committed 3456K, reserved 1056768K
  class space    used 232K, committed 320K, reserved 1048576K
}
Event: 6.805 GC heap before
{Heap before GC invocations=8 (full 4):
 garbage-first heap   total 30720K, used 20204K [0x0000000086a00000, 0x0000000100000000)
  region size 1024K, 12 young (12288K), 0 survivors (0K)
 Metaspace       used 10478K, committed 10688K, reserved 1064960K
  class space    used 980K, committed 1088K, reserved 1048576K
}
Event: 6.812 GC heap after
{Heap after GC invocations=9 (full 4):
 garbage-first heap   total 30720K, used 11005K [0x0000000086a00000, 0x0000000100000000)
  region size 1024K, 2 young (2048K), 2 survivors (2048K)
 Metaspace       used 10478K, committed 10688K, reserved 1064960K
  class space    used 980K, committed 1088K, reserved 1048576K
}

